22:21:50:649  INFO 21768 --- [main] com.alibaba.nacos.common.remote.client   : [RpcClientFactory] create a new rpc client of 967835ad-6087-4d67-9e69-07ebb2c8b5e5_config-0
22:21:50:905  INFO 21768 --- [main] org.reflections.Reflections              : Reflections took 92 ms to scan 1 urls, producing 3 keys and 6 values 
22:21:51:020  INFO 21768 --- [main] org.reflections.Reflections              : Reflections took 49 ms to scan 1 urls, producing 4 keys and 9 values 
22:21:51:056  INFO 21768 --- [main] org.reflections.Reflections              : Reflections took 27 ms to scan 1 urls, producing 3 keys and 10 values 
22:21:51:068  WARN 21768 --- [main] org.reflections.Reflections              : given scan urls are empty. set urls in the configuration
22:21:51:086  INFO 21768 --- [main] org.reflections.Reflections              : Reflections took 15 ms to scan 1 urls, producing 1 keys and 5 values 
22:21:51:112  INFO 21768 --- [main] org.reflections.Reflections              : Reflections took 15 ms to scan 1 urls, producing 1 keys and 7 values 
22:21:51:165  INFO 21768 --- [main] org.reflections.Reflections              : Reflections took 40 ms to scan 1 urls, producing 2 keys and 8 values 
22:21:51:169  WARN 21768 --- [main] org.reflections.Reflections              : given scan urls are empty. set urls in the configuration
22:21:51:172  INFO 21768 --- [main] com.alibaba.nacos.common.remote.client   : [967835ad-6087-4d67-9e69-07ebb2c8b5e5_config-0] RpcClient init label, labels = {module=config, Vipserver-Tag=null, source=sdk, Amory-Tag=null, Location-Tag=null, taskId=0, AppName=unknown}
22:21:51:176  INFO 21768 --- [main] com.alibaba.nacos.common.remote.client   : [967835ad-6087-4d67-9e69-07ebb2c8b5e5_config-0] Register server push request handler:com.alibaba.nacos.client.config.impl.ClientWorker$ConfigRpcTransportClient$$Lambda/0x00000170c43bc820
22:21:51:182  INFO 21768 --- [main] com.alibaba.nacos.common.remote.client   : [967835ad-6087-4d67-9e69-07ebb2c8b5e5_config-0] Register server push request handler:com.alibaba.nacos.client.config.impl.ClientWorker$ConfigRpcTransportClient$$Lambda/0x00000170c43bca48
22:21:51:184  INFO 21768 --- [main] com.alibaba.nacos.common.remote.client   : [967835ad-6087-4d67-9e69-07ebb2c8b5e5_config-0] Registry connection listener to current client:com.alibaba.nacos.client.config.impl.ClientWorker$ConfigRpcTransportClient$1
22:21:51:188  INFO 21768 --- [main] com.alibaba.nacos.common.remote.client   : [967835ad-6087-4d67-9e69-07ebb2c8b5e5_config-0] RpcClient init, ServerListFactory = com.alibaba.nacos.client.config.impl.ClientWorker$ConfigRpcTransportClient$2
22:21:51:235  INFO 21768 --- [main] com.alibaba.nacos.common.remote.client   : [967835ad-6087-4d67-9e69-07ebb2c8b5e5_config-0] Try to connect to server on start up, server: {serverIp = '192.168.100.128', server main port = 8848}
22:21:53:150  INFO 21768 --- [main] com.alibaba.nacos.common.remote.client   : [967835ad-6087-4d67-9e69-07ebb2c8b5e5_config-0] Success to connect to server [192.168.100.128:8848] on start up, connectionId = 1774102913946_192.168.100.1_52758
22:21:53:151  INFO 21768 --- [com.alibaba.nacos.client.remote.worker] com.alibaba.nacos.common.remote.client   : [967835ad-6087-4d67-9e69-07ebb2c8b5e5_config-0] Notify connected event to listeners.
22:21:53:152  INFO 21768 --- [main] com.alibaba.nacos.common.remote.client   : [967835ad-6087-4d67-9e69-07ebb2c8b5e5_config-0] Register server push request handler:com.alibaba.nacos.common.remote.client.RpcClient$ConnectResetRequestHandler
22:21:53:152  INFO 21768 --- [main] com.alibaba.nacos.common.remote.client   : [967835ad-6087-4d67-9e69-07ebb2c8b5e5_config-0] Register server push request handler:com.alibaba.nacos.common.remote.client.RpcClient$$Lambda/0x00000170c453e880
22:21:53:377  WARN 21768 --- [main] c.a.c.n.c.NacosPropertySourceBuilder     : Ignore the empty nacos configuration and get it based on dataId[user-service] & group[DEFAULT_GROUP]
22:21:53:389  WARN 21768 --- [main] c.a.c.n.c.NacosPropertySourceBuilder     : Ignore the empty nacos configuration and get it based on dataId[user-service.yaml] & group[DEFAULT_GROUP]
22:21:53:409  WARN 21768 --- [main] c.a.c.n.c.NacosPropertySourceBuilder     : Ignore the empty nacos configuration and get it based on dataId[user-service-dev.yaml] & group[DEFAULT_GROUP]
22:21:53:413  INFO 21768 --- [main] b.c.PropertySourceBootstrapConfiguration : Located property source: [BootstrapPropertySource {name='bootstrapProperties-user-service-dev.yaml,DEFAULT_GROUP'}, BootstrapPropertySource {name='bootstrapProperties-user-service.yaml,DEFAULT_GROUP'}, BootstrapPropertySource {name='bootstrapProperties-user-service,DEFAULT_GROUP'}, BootstrapPropertySource {name='bootstrapProperties-shared-seata.yaml,DEFAULT_GROUP'}, BootstrapPropertySource {name='bootstrapProperties-shared-swagger.yaml,DEFAULT_GROUP'}, BootstrapPropertySource {name='bootstrapProperties-shared-log.yaml,DEFAULT_GROUP'}]
22:21:53:508  INFO 21768 --- [main] com.english.user.UserApplicationTests    : The following 1 profile is active: "dev"
22:21:58:012  INFO 21768 --- [main] .s.d.r.c.RepositoryConfigurationDelegate : Multiple Spring Data modules found, entering strict repository configuration mode
22:21:58:026  INFO 21768 --- [main] .s.d.r.c.RepositoryConfigurationDelegate : Bootstrapping Spring Data Redis repositories in DEFAULT mode.
22:21:58:127  INFO 21768 --- [main] .s.d.r.c.RepositoryConfigurationDelegate : Finished Spring Data repository scanning in 37 ms. Found 0 Redis repository interfaces.
22:21:59:303  INFO 21768 --- [main] o.s.cloud.context.scope.GenericScope     : BeanFactory id=5b7bd982-6964-3da7-a33e-3b744edaea2b
22:22:12:348  INFO 21768 --- [main] pertySourcedRequestMappingHandlerMapping : Mapped URL path [/v2/api-docs] onto method [springfox.documentation.swagger2.web.Swagger2ControllerWebMvc#getDocumentation(String, HttpServletRequest)]
22:22:14:789  INFO 21768 --- [main] com.alibaba.nacos.common.remote.client   : [RpcClientFactory] create a new rpc client of d8e66daf-3b12-4507-bcb3-8b02f7fc7519
22:22:14:790  INFO 21768 --- [main] com.alibaba.nacos.common.remote.client   : [d8e66daf-3b12-4507-bcb3-8b02f7fc7519] RpcClient init label, labels = {module=naming, source=sdk}
22:22:14:795  INFO 21768 --- [main] com.alibaba.nacos.common.remote.client   : [d8e66daf-3b12-4507-bcb3-8b02f7fc7519] RpcClient init, ServerListFactory = com.alibaba.nacos.client.naming.core.ServerListManager
22:22:14:797  INFO 21768 --- [main] com.alibaba.nacos.common.remote.client   : [d8e66daf-3b12-4507-bcb3-8b02f7fc7519] Registry connection listener to current client:com.alibaba.nacos.client.naming.remote.gprc.redo.NamingGrpcRedoService
22:22:14:798  INFO 21768 --- [main] com.alibaba.nacos.common.remote.client   : [d8e66daf-3b12-4507-bcb3-8b02f7fc7519] Register server push request handler:com.alibaba.nacos.client.naming.remote.gprc.NamingPushRequestHandler
22:22:14:799  INFO 21768 --- [main] com.alibaba.nacos.common.remote.client   : [d8e66daf-3b12-4507-bcb3-8b02f7fc7519] Try to connect to server on start up, server: {serverIp = '192.168.100.128', server main port = 8848}
22:22:14:969  INFO 21768 --- [main] com.alibaba.nacos.common.remote.client   : [d8e66daf-3b12-4507-bcb3-8b02f7fc7519] Success to connect to server [192.168.100.128:8848] on start up, connectionId = 1774102935942_192.168.100.1_58598
22:22:14:974  INFO 21768 --- [com.alibaba.nacos.client.remote.worker] com.alibaba.nacos.common.remote.client   : [d8e66daf-3b12-4507-bcb3-8b02f7fc7519] Notify connected event to listeners.
22:22:14:975  INFO 21768 --- [main] com.alibaba.nacos.common.remote.client   : [d8e66daf-3b12-4507-bcb3-8b02f7fc7519] Register server push request handler:com.alibaba.nacos.common.remote.client.RpcClient$ConnectResetRequestHandler
22:22:14:975  INFO 21768 --- [main] com.alibaba.nacos.common.remote.client   : [d8e66daf-3b12-4507-bcb3-8b02f7fc7519] Register server push request handler:com.alibaba.nacos.common.remote.client.RpcClient$$Lambda/0x00000170c453e880
22:22:15:124  INFO 21768 --- [main] d.s.w.p.DocumentationPluginsBootstrapper : Documentation plugins bootstrapped
22:22:15:130  INFO 21768 --- [main] d.s.w.p.DocumentationPluginsBootstrapper : Found 1 custom documentation plugin(s)
22:22:15:231  INFO 21768 --- [main] s.d.s.w.s.ApiListingReferenceScanner     : Scanning for api listing references
22:22:15:706  INFO 21768 --- [nacos-grpc-client-executor-5] com.alibaba.nacos.common.remote.client   : [d8e66daf-3b12-4507-bcb3-8b02f7fc7519] Receive server push request, request = NotifySubscriberRequest, requestId = 6
22:22:15:722  INFO 21768 --- [nacos-grpc-client-executor-5] com.alibaba.nacos.common.remote.client   : [d8e66daf-3b12-4507-bcb3-8b02f7fc7519] Ack server push request, request = NotifySubscriberRequest, requestId = 6
22:22:16:028  INFO 21768 --- [main] com.english.user.UserApplicationTests    : Started UserApplicationTests in 28.772 seconds (JVM running for 31.746)
22:22:16:059  INFO 21768 --- [main] c.a.c.n.refresh.NacosContextRefresher    : [Nacos Config] Listening config: dataId=user-service.yaml, group=DEFAULT_GROUP
22:22:16:060  INFO 21768 --- [main] c.a.c.n.refresh.NacosContextRefresher    : [Nacos Config] Listening config: dataId=user-service-dev.yaml, group=DEFAULT_GROUP
22:22:16:062  INFO 21768 --- [main] c.a.c.n.refresh.NacosContextRefresher    : [Nacos Config] Listening config: dataId=user-service, group=DEFAULT_GROUP
22:22:31:652  WARN 21768 --- [Thread-5] c.a.nacos.common.notify.NotifyCenter     : [NotifyCenter] Start destroying Publisher
22:22:31:653  WARN 21768 --- [Thread-5] c.a.nacos.common.notify.NotifyCenter     : [NotifyCenter] Destruction of the end
22:22:31:662  WARN 21768 --- [Thread-1] c.a.n.common.http.HttpClientBeanHolder   : [HttpClientBeanHolder] Start destroying common HttpClient
22:22:31:663  WARN 21768 --- [Thread-1] c.a.n.common.http.HttpClientBeanHolder   : [HttpClientBeanHolder] Destruction of the end
22:22:32:012  INFO 21768 --- [SpringApplicationShutdownHook] com.alibaba.nacos.common.remote.client   : Shutdown rpc client, set status to shutdown
22:22:32:012  INFO 21768 --- [SpringApplicationShutdownHook] com.alibaba.nacos.common.remote.client   : Shutdown client event executor java.util.concurrent.ScheduledThreadPoolExecutor@35129b9e[Running, pool size = 2, active threads = 2, queued tasks = 0, completed tasks = 0]
22:22:32:012  INFO 21768 --- [SpringApplicationShutdownHook] com.alibaba.nacos.common.remote.client   : Close current connection 1774102935942_192.168.100.1_58598
22:22:32:026  INFO 21768 --- [SpringApplicationShutdownHook] c.a.n.c.remote.client.grpc.GrpcClient    : Shutdown grpc executor java.util.concurrent.ThreadPoolExecutor@34a06981[Running, pool size = 4, active threads = 0, queued tasks = 0, completed tasks = 12]
